c:\users\adrim\onedrive\escritorio\2ºcarrera\asig.segundo\2ºcuatri\monkeydelivery\monkeydelivery\x64\debug\vc142.pdb
c:\users\adrim\onedrive\escritorio\2ºcarrera\asig.segundo\2ºcuatri\monkeydelivery\monkeydelivery\x64\debug\vc142.idb
c:\users\adrim\onedrive\escritorio\2ºcarrera\asig.segundo\2ºcuatri\monkeydelivery\monkeydelivery\x64\debug\missionselectionstate.obj
c:\users\adrim\onedrive\escritorio\2ºcarrera\asig.segundo\2ºcuatri\monkeydelivery\monkeydelivery\x64\debug\menustate.obj
c:\users\adrim\onedrive\escritorio\2ºcarrera\asig.segundo\2ºcuatri\monkeydelivery\monkeydelivery\x64\debug\gameoverstate.obj
c:\users\adrim\onedrive\escritorio\2ºcarrera\asig.segundo\2ºcuatri\monkeydelivery\monkeydelivery\x64\debug\creditsstate.obj
c:\users\adrim\onedrive\escritorio\2ºcarrera\asig.segundo\2ºcuatri\monkeydelivery\monkeydelivery\x64\debug\shopcommand.obj
c:\users\adrim\onedrive\escritorio\2ºcarrera\asig.segundo\2ºcuatri\monkeydelivery\monkeydelivery\x64\debug\selectmissioncommand.obj
c:\users\adrim\onedrive\escritorio\2ºcarrera\asig.segundo\2ºcuatri\monkeydelivery\monkeydelivery\x64\debug\pausecommand.obj
c:\users\adrim\onedrive\escritorio\2ºcarrera\asig.segundo\2ºcuatri\monkeydelivery\monkeydelivery\x64\debug\nextstatecommand.obj
c:\users\adrim\onedrive\escritorio\2ºcarrera\asig.segundo\2ºcuatri\monkeydelivery\monkeydelivery\x64\debug\mapcommand.obj
c:\users\adrim\onedrive\escritorio\2ºcarrera\asig.segundo\2ºcuatri\monkeydelivery\monkeydelivery\x64\debug\inventorycommand.obj
c:\users\adrim\onedrive\escritorio\2ºcarrera\asig.segundo\2ºcuatri\monkeydelivery\monkeydelivery\x64\debug\interactdialoguebox.obj
c:\users\adrim\onedrive\escritorio\2ºcarrera\asig.segundo\2ºcuatri\monkeydelivery\monkeydelivery\x64\debug\commandrun.obj
c:\users\adrim\onedrive\escritorio\2ºcarrera\asig.segundo\2ºcuatri\monkeydelivery\monkeydelivery\x64\debug\commandmove.obj
c:\users\adrim\onedrive\escritorio\2ºcarrera\asig.segundo\2ºcuatri\monkeydelivery\monkeydelivery\x64\debug\commandinteract.obj
c:\users\adrim\onedrive\escritorio\2ºcarrera\asig.segundo\2ºcuatri\monkeydelivery\monkeydelivery\x64\debug\commandfactory.obj
c:\users\adrim\onedrive\escritorio\2ºcarrera\asig.segundo\2ºcuatri\monkeydelivery\monkeydelivery\x64\debug\commandexit.obj
c:\users\adrim\onedrive\escritorio\2ºcarrera\asig.segundo\2ºcuatri\monkeydelivery\monkeydelivery\x64\debug\commandclick.obj
c:\users\adrim\onedrive\escritorio\2ºcarrera\asig.segundo\2ºcuatri\monkeydelivery\monkeydelivery\x64\debug\command.obj
c:\users\adrim\onedrive\escritorio\2ºcarrera\asig.segundo\2ºcuatri\monkeydelivery\monkeydelivery\x64\debug\button.obj
c:\users\adrim\onedrive\escritorio\2ºcarrera\asig.segundo\2ºcuatri\monkeydelivery\monkeydelivery\x64\debug\monkeydelivery.obj
c:\users\adrim\onedrive\escritorio\2ºcarrera\asig.segundo\2ºcuatri\monkeydelivery\monkeydelivery\x64\debug\generalsoundseffectslider.obj
c:\users\adrim\onedrive\escritorio\2ºcarrera\asig.segundo\2ºcuatri\monkeydelivery\monkeydelivery\x64\debug\generalmusicslider.obj
c:\users\adrim\onedrive\escritorio\2ºcarrera\asig.segundo\2ºcuatri\monkeydelivery\monkeydelivery\x64\debug\brightnessslider.obj
c:\users\adrim\onedrive\escritorio\2ºcarrera\asig.segundo\2ºcuatri\monkeydelivery\monkeydelivery\x64\debug\brightness.obj
c:\users\adrim\onedrive\escritorio\2ºcarrera\asig.segundo\2ºcuatri\monkeydelivery\monkeydelivery\x64\debug\start.obj
c:\users\adrim\onedrive\escritorio\2ºcarrera\asig.segundo\2ºcuatri\monkeydelivery\monkeydelivery\x64\debug\pause.obj
c:\users\adrim\onedrive\escritorio\2ºcarrera\asig.segundo\2ºcuatri\monkeydelivery\monkeydelivery\x64\debug\options.obj
c:\users\adrim\onedrive\escritorio\2ºcarrera\asig.segundo\2ºcuatri\monkeydelivery\monkeydelivery\x64\debug\menu.obj
c:\users\adrim\onedrive\escritorio\2ºcarrera\asig.segundo\2ºcuatri\monkeydelivery\monkeydelivery\x64\debug\exit.obj
c:\users\adrim\onedrive\escritorio\2ºcarrera\asig.segundo\2ºcuatri\monkeydelivery\monkeydelivery\x64\debug\credits.obj
c:\users\adrim\onedrive\escritorio\2ºcarrera\asig.segundo\2ºcuatri\monkeydelivery\monkeydelivery\x64\debug\continue.obj
c:\users\adrim\onedrive\escritorio\2ºcarrera\asig.segundo\2ºcuatri\monkeydelivery\monkeydelivery\x64\debug\back1.obj
c:\users\adrim\onedrive\escritorio\2ºcarrera\asig.segundo\2ºcuatri\monkeydelivery\monkeydelivery\x64\debug\back.obj
c:\users\adrim\onedrive\escritorio\2ºcarrera\asig.segundo\2ºcuatri\monkeydelivery\monkeydelivery\x64\debug\testingstate.obj
c:\users\adrim\onedrive\escritorio\2ºcarrera\asig.segundo\2ºcuatri\monkeydelivery\monkeydelivery\x64\debug\statemachine.obj
c:\users\adrim\onedrive\escritorio\2ºcarrera\asig.segundo\2ºcuatri\monkeydelivery\monkeydelivery\x64\debug\state.obj
c:\users\adrim\onedrive\escritorio\2ºcarrera\asig.segundo\2ºcuatri\monkeydelivery\monkeydelivery\x64\debug\shopstate.obj
c:\users\adrim\onedrive\escritorio\2ºcarrera\asig.segundo\2ºcuatri\monkeydelivery\monkeydelivery\x64\debug\playingstate.obj
c:\users\adrim\onedrive\escritorio\2ºcarrera\asig.segundo\2ºcuatri\monkeydelivery\monkeydelivery\x64\debug\pausestate.obj
c:\users\adrim\onedrive\escritorio\2ºcarrera\asig.segundo\2ºcuatri\monkeydelivery\monkeydelivery\x64\debug\optionsstate.obj
c:\users\adrim\onedrive\escritorio\2ºcarrera\asig.segundo\2ºcuatri\monkeydelivery\monkeydelivery\x64\debug\flashlight.obj
c:\users\adrim\onedrive\escritorio\2ºcarrera\asig.segundo\2ºcuatri\monkeydelivery\monkeydelivery\x64\debug\fearlevel.obj
c:\users\adrim\onedrive\escritorio\2ºcarrera\asig.segundo\2ºcuatri\monkeydelivery\monkeydelivery\x64\debug\energylevel.obj
c:\users\adrim\onedrive\escritorio\2ºcarrera\asig.segundo\2ºcuatri\monkeydelivery\monkeydelivery\x64\debug\energydrink.obj
c:\users\adrim\onedrive\escritorio\2ºcarrera\asig.segundo\2ºcuatri\monkeydelivery\monkeydelivery\x64\debug\enemy.obj
c:\users\adrim\onedrive\escritorio\2ºcarrera\asig.segundo\2ºcuatri\monkeydelivery\monkeydelivery\x64\debug\dialoguebox.obj
c:\users\adrim\onedrive\escritorio\2ºcarrera\asig.segundo\2ºcuatri\monkeydelivery\monkeydelivery\x64\debug\collidertile.obj
c:\users\adrim\onedrive\escritorio\2ºcarrera\asig.segundo\2ºcuatri\monkeydelivery\monkeydelivery\x64\debug\cat.obj
c:\users\adrim\onedrive\escritorio\2ºcarrera\asig.segundo\2ºcuatri\monkeydelivery\monkeydelivery\x64\debug\bull.obj
c:\users\adrim\onedrive\escritorio\2ºcarrera\asig.segundo\2ºcuatri\monkeydelivery\monkeydelivery\x64\debug\bed.obj
c:\users\adrim\onedrive\escritorio\2ºcarrera\asig.segundo\2ºcuatri\monkeydelivery\monkeydelivery\x64\debug\bike.obj
c:\users\adrim\onedrive\escritorio\2ºcarrera\asig.segundo\2ºcuatri\monkeydelivery\monkeydelivery\x64\debug\bat.obj
c:\users\adrim\onedrive\escritorio\2ºcarrera\asig.segundo\2ºcuatri\monkeydelivery\monkeydelivery\x64\debug\animationmanager.obj
c:\users\adrim\onedrive\escritorio\2ºcarrera\asig.segundo\2ºcuatri\monkeydelivery\monkeydelivery\x64\debug\jsonvalue.obj
c:\users\adrim\onedrive\escritorio\2ºcarrera\asig.segundo\2ºcuatri\monkeydelivery\monkeydelivery\x64\debug\json.obj
c:\users\adrim\onedrive\escritorio\2ºcarrera\asig.segundo\2ºcuatri\monkeydelivery\monkeydelivery\x64\debug\viewcontroller.obj
c:\users\adrim\onedrive\escritorio\2ºcarrera\asig.segundo\2ºcuatri\monkeydelivery\monkeydelivery\x64\debug\sliderclick.obj
c:\users\adrim\onedrive\escritorio\2ºcarrera\asig.segundo\2ºcuatri\monkeydelivery\monkeydelivery\x64\debug\sliderbase.obj
c:\users\adrim\onedrive\escritorio\2ºcarrera\asig.segundo\2ºcuatri\monkeydelivery\monkeydelivery\x64\debug\slider.obj
c:\users\adrim\onedrive\escritorio\2ºcarrera\asig.segundo\2ºcuatri\monkeydelivery\monkeydelivery\x64\debug\generalvolumeslider.obj
c:\users\adrim\onedrive\escritorio\2ºcarrera\asig.segundo\2ºcuatri\monkeydelivery\monkeydelivery\x64\debug\target.obj
c:\users\adrim\onedrive\escritorio\2ºcarrera\asig.segundo\2ºcuatri\monkeydelivery\monkeydelivery\x64\debug\spawnzone.obj
c:\users\adrim\onedrive\escritorio\2ºcarrera\asig.segundo\2ºcuatri\monkeydelivery\monkeydelivery\x64\debug\skates.obj
c:\users\adrim\onedrive\escritorio\2ºcarrera\asig.segundo\2ºcuatri\monkeydelivery\monkeydelivery\x64\debug\shop.obj
c:\users\adrim\onedrive\escritorio\2ºcarrera\asig.segundo\2ºcuatri\monkeydelivery\monkeydelivery\x64\debug\scorpion.obj
c:\users\adrim\onedrive\escritorio\2ºcarrera\asig.segundo\2ºcuatri\monkeydelivery\monkeydelivery\x64\debug\player.obj
c:\users\adrim\onedrive\escritorio\2ºcarrera\asig.segundo\2ºcuatri\monkeydelivery\monkeydelivery\x64\debug\plant.obj
c:\users\adrim\onedrive\escritorio\2ºcarrera\asig.segundo\2ºcuatri\monkeydelivery\monkeydelivery\x64\debug\package.obj
c:\users\adrim\onedrive\escritorio\2ºcarrera\asig.segundo\2ºcuatri\monkeydelivery\monkeydelivery\x64\debug\missionspanel.obj
c:\users\adrim\onedrive\escritorio\2ºcarrera\asig.segundo\2ºcuatri\monkeydelivery\monkeydelivery\x64\debug\missionmanager.obj
c:\users\adrim\onedrive\escritorio\2ºcarrera\asig.segundo\2ºcuatri\monkeydelivery\monkeydelivery\x64\debug\mission.obj
c:\users\adrim\onedrive\escritorio\2ºcarrera\asig.segundo\2ºcuatri\monkeydelivery\monkeydelivery\x64\debug\lantern.obj
c:\users\adrim\onedrive\escritorio\2ºcarrera\asig.segundo\2ºcuatri\monkeydelivery\monkeydelivery\x64\debug\inventoryobject.obj
c:\users\adrim\onedrive\escritorio\2ºcarrera\asig.segundo\2ºcuatri\monkeydelivery\monkeydelivery\x64\debug\inventory.obj
c:\users\adrim\onedrive\escritorio\2ºcarrera\asig.segundo\2ºcuatri\monkeydelivery\monkeydelivery\x64\debug\interactubaleshop.obj
c:\users\adrim\onedrive\escritorio\2ºcarrera\asig.segundo\2ºcuatri\monkeydelivery\monkeydelivery\x64\debug\interactuablechest.obj
c:\users\adrim\onedrive\escritorio\2ºcarrera\asig.segundo\2ºcuatri\monkeydelivery\monkeydelivery\x64\debug\interactiveentity.obj
c:\users\adrim\onedrive\escritorio\2ºcarrera\asig.segundo\2ºcuatri\monkeydelivery\monkeydelivery\x64\debug\inputmanager.obj
c:\users\adrim\onedrive\escritorio\2ºcarrera\asig.segundo\2ºcuatri\monkeydelivery\monkeydelivery\x64\debug\gameobject.obj
c:\users\adrim\onedrive\escritorio\2ºcarrera\asig.segundo\2ºcuatri\monkeydelivery\monkeydelivery\x64\debug\game.obj
c:\users\adrim\onedrive\escritorio\2ºcarrera\asig.segundo\2ºcuatri\monkeydelivery\monkeydelivery\x64\debug\texturecontainer.obj
c:\users\adrim\onedrive\escritorio\2ºcarrera\asig.segundo\2ºcuatri\monkeydelivery\monkeydelivery\x64\debug\texture.obj
c:\users\adrim\onedrive\escritorio\2ºcarrera\asig.segundo\2ºcuatri\monkeydelivery\monkeydelivery\x64\debug\camera.obj
c:\users\adrim\onedrive\escritorio\2ºcarrera\asig.segundo\2ºcuatri\monkeydelivery\monkeydelivery\x64\debug\timer.obj
c:\users\adrim\onedrive\escritorio\2ºcarrera\asig.segundo\2ºcuatri\monkeydelivery\monkeydelivery\x64\debug\soundeffect.obj
c:\users\adrim\onedrive\escritorio\2ºcarrera\asig.segundo\2ºcuatri\monkeydelivery\monkeydelivery\x64\debug\textureutils.obj
c:\users\adrim\onedrive\escritorio\2ºcarrera\asig.segundo\2ºcuatri\monkeydelivery\monkeydelivery\x64\debug\sdlutils.obj
c:\users\adrim\onedrive\escritorio\2ºcarrera\asig.segundo\2ºcuatri\monkeydelivery\monkeydelivery\x64\debug\ui_info.obj
c:\users\adrim\onedrive\escritorio\2ºcarrera\asig.segundo\2ºcuatri\monkeydelivery\monkeydelivery\x64\debug\tutorialbook.obj
c:\users\adrim\onedrive\escritorio\2ºcarrera\asig.segundo\2ºcuatri\monkeydelivery\monkeydelivery\x64\debug\mapstate.obj
c:\users\adrim\onedrive\escritorio\2ºcarrera\asig.segundo\2ºcuatri\monkeydelivery\monkeydelivery\x64\debug\exitbutton.obj
c:\users\adrim\onedrive\escritorio\2ºcarrera\asig.segundo\2ºcuatri\monkeydelivery\monkeydelivery\x64\debug\rock.obj
c:\users\adrim\onedrive\escritorio\2ºcarrera\asig.segundo\2ºcuatri\monkeydelivery\monkeydelivery\x64\debug\pickaxe.obj
c:\users\adrim\onedrive\escritorio\2ºcarrera\asig.segundo\2ºcuatri\monkeydelivery\monkeydelivery\x64\debug\mappoint.obj
c:\users\adrim\onedrive\escritorio\2ºcarrera\asig.segundo\2ºcuatri\monkeydelivery\monkeydelivery\x64\debug\gameobjectgenerator.obj
c:\users\adrim\onedrive\escritorio\2ºcarrera\asig.segundo\2ºcuatri\monkeydelivery\monkeydelivery\x64\debug\messageoverlay.obj
c:\users\adrim\onedrive\escritorio\2ºcarrera\asig.segundo\2ºcuatri\monkeydelivery\monkeydelivery\x64\debug\fearbar.obj
c:\users\adrim\onedrive\escritorio\2ºcarrera\asig.segundo\2ºcuatri\monkeydelivery\monkeydelivery\x64\debug\playericon.obj
c:\users\adrim\onedrive\escritorio\2ºcarrera\asig.segundo\2ºcuatri\monkeydelivery\monkeydelivery\x64\debug\texture_manipulation.obj
c:\users\adrim\onedrive\escritorio\2ºcarrera\asig.segundo\2ºcuatri\monkeydelivery\monkeydelivery\x64\debug\particlesystem.obj
c:\users\adrim\onedrive\escritorio\2ºcarrera\asig.segundo\2ºcuatri\monkeydelivery\monkeydelivery\x64\debug\particleexample.obj
c:\users\adrim\onedrive\escritorio\2ºcarrera\asig.segundo\2ºcuatri\monkeydelivery\monkeydelivery\x64\debug\interactdialogueboxcommand.obj
c:\users\adrim\onedrive\escritorio\2ºcarrera\asig.segundo\2ºcuatri\monkeydelivery\monkeydelivery\x64\debug\powerupsmanager.obj
c:\users\adrim\onedrive\escritorio\2ºcarrera\asig.segundo\2ºcuatri\monkeydelivery\monkeydelivery\x64\debug\missionobject.obj
c:\users\adrim\onedrive\escritorio\2ºcarrera\asig.segundo\2ºcuatri\monkeydelivery\monkeydelivery\x64\debug\monkeydelivery.exe
c:\users\adrim\onedrive\escritorio\2ºcarrera\asig.segundo\2ºcuatri\monkeydelivery\monkeydelivery\x64\debug\monkeydelivery.ilk
c:\users\adrim\onedrive\escritorio\2ºcarrera\asig.segundo\2ºcuatri\monkeydelivery\monkeydelivery\x64\debug\monkeydelivery.pdb
c:\users\adrim\onedrive\escritorio\2ºcarrera\asig.segundo\2ºcuatri\monkeydelivery\monkeydelivery\x64\debug\monkeydelivery.lib
c:\users\adrim\onedrive\escritorio\2ºcarrera\asig.segundo\2ºcuatri\monkeydelivery\monkeydelivery\x64\debug\monkeydelivery.exp
c:\users\adrim\onedrive\escritorio\2ºcarrera\asig.segundo\2ºcuatri\monkeydelivery\monkeydelivery\x64\debug\monkeydelivery.res
c:\users\adrim\onedrive\escritorio\2ºcarrera\asig.segundo\2ºcuatri\monkeydelivery\monkeydelivery\x64\debug\monkeydelivery.tlog\cl.command.1.tlog
c:\users\adrim\onedrive\escritorio\2ºcarrera\asig.segundo\2ºcuatri\monkeydelivery\monkeydelivery\x64\debug\monkeydelivery.tlog\cl.read.1.tlog
c:\users\adrim\onedrive\escritorio\2ºcarrera\asig.segundo\2ºcuatri\monkeydelivery\monkeydelivery\x64\debug\monkeydelivery.tlog\cl.write.1.tlog
c:\users\adrim\onedrive\escritorio\2ºcarrera\asig.segundo\2ºcuatri\monkeydelivery\monkeydelivery\x64\debug\monkeydelivery.tlog\link.command.1.tlog
c:\users\adrim\onedrive\escritorio\2ºcarrera\asig.segundo\2ºcuatri\monkeydelivery\monkeydelivery\x64\debug\monkeydelivery.tlog\link.read.1.tlog
c:\users\adrim\onedrive\escritorio\2ºcarrera\asig.segundo\2ºcuatri\monkeydelivery\monkeydelivery\x64\debug\monkeydelivery.tlog\link.write.1.tlog
c:\users\adrim\onedrive\escritorio\2ºcarrera\asig.segundo\2ºcuatri\monkeydelivery\monkeydelivery\x64\debug\monkeydelivery.tlog\monkeydelivery.write.1u.tlog
c:\users\adrim\onedrive\escritorio\2ºcarrera\asig.segundo\2ºcuatri\monkeydelivery\monkeydelivery\x64\debug\monkeydelivery.tlog\rc.command.1.tlog
c:\users\adrim\onedrive\escritorio\2ºcarrera\asig.segundo\2ºcuatri\monkeydelivery\monkeydelivery\x64\debug\monkeydelivery.tlog\rc.read.1.tlog
c:\users\adrim\onedrive\escritorio\2ºcarrera\asig.segundo\2ºcuatri\monkeydelivery\monkeydelivery\x64\debug\monkeydelivery.tlog\rc.write.1.tlog
